build/app/outputs/mapping/release/mapping.txt
# compiler: R8
# compiler_version: 1.5.64
# min_api: 16
# pg_map_id: 666c8b3
com.example.know.MainActivity -> com.example.know.MainActivity:
    void configureFlutterEngine(io.flutter.embedding.engine.FlutterEngine) -> a
...
com.tekartik.sqflite.SqflitePlugin$BgResult -> b.a.a.c$i:
    android.os.Handler handler -> a
    io.flutter.plugin.common.MethodChannel$Result result -> b
    io.flutter.plugin.common.MethodChannel$Result access$1100(com.tekartik.sqflite.SqflitePlugin$BgResult) -> a
    void error(java.lang.String,java.lang.String,java.lang.Object) -> a
    void notImplemented() -> a
    void success(java.lang.Object) -> a
com.tekartik.sqflite.SqflitePlugin$BgResult$1 -> b.a.a.c$i$a:
    com.tekartik.sqflite.SqflitePlugin$BgResult this$1 -> b
    java.lang.Object val$results -> a
com.tekartik.sqflite.SqflitePlugin$BgResult$2 -> b.a.a.c$i$b:
    java.lang.Object val$data -> c
    java.lang.String val$errorCode -> a
    java.lang.String val$errorMessage -> b
    com.tekartik.sqflite.SqflitePlugin$BgResult this$1 -> d
com.tekartik.sqflite.SqflitePlugin$BgResult$3 -> b.a.a.c$i$c:
    com.tekartik.sqflite.SqflitePlugin$BgResult this$1 -> a
com.tekartik.sqflite.SqlCommand -> b.a.a.d:
    java.util.List rawArguments -> b
    java.lang.String sql -> a
    java.util.Map fixMap(java.util.Map) -> a
    java.lang.String[] getQuerySqlArguments() -> a
    java.lang.String[] getQuerySqlArguments(java.util.List) -> a
    java.lang.String toString(java.lang.Object) -> a
    java.util.List getRawSqlArguments() -> b
    java.lang.Object[] getSqlArguments(java.util.List) -> b
    java.lang.Object toValue(java.lang.Object) -> b
    java.lang.String getSql() -> c
    java.util.List getStringQuerySqlArguments(java.util.List) -> c
    java.lang.Object[] getSqlArguments() -> d
    com.tekartik.sqflite.SqlCommand sanitizeForQuery() -> e
com.tekartik.sqflite.dev.Debug -> b.a.a.e.a:
    boolean LOGV -> a
    boolean _EXTRA_LOGV -> b
    boolean EXTRA_LOGV -> c
com.tekartik.sqflite.operation.BaseOperation -> b.a.a.f.a:
    void error(java.lang.String,java.lang.String,java.lang.Object) -> a
    void success(java.lang.Object) -> a
    com.tekartik.sqflite.operation.OperationResult getOperationResult() -> e
com.tekartik.sqflite.operation.BaseReadOperation -> b.a.a.f.b:
    com.tekartik.sqflite.SqlCommand getSqlCommand() -> a
    java.lang.Boolean getBoolean(java.lang.String) -> b
    boolean getNoResult() -> b
    java.lang.Boolean getInTransaction() -> c
    boolean getContinueOnError() -> d
    java.lang.String getSql() -> e
    java.util.List getSqlArguments() -> f
com.tekartik.sqflite.operation.BatchOperation -> b.a.a.f.c:
    java.util.Map map -> a
    com.tekartik.sqflite.operation.BatchOperation$BatchOperationResult operationResult -> b
    boolean noResult -> c
    java.lang.Object getArgument(java.lang.String) -> a
    void handleError(io.flutter.plugin.common.MethodChannel$Result) -> a
    void handleErrorContinue(java.util.List) -> a
    boolean getNoResult() -> b
    void handleSuccess(java.util.List) -> b
    com.tekartik.sqflite.operation.OperationResult getOperationResult() -> e
    java.lang.String getMethod() -> f
    java.util.Map getOperationError() -> g
    java.util.Map getOperationSuccessResult() -> h
com.tekartik.sqflite.operation.BatchOperation$BatchOperationResult -> b.a.a.f.c$a:
    java.lang.Object errorData -> d
    java.lang.Object result -> a
    java.lang.String errorMessage -> c
    java.lang.String errorCode -> b
    void error(java.lang.String,java.lang.String,java.lang.Object) -> a
    void success(java.lang.Object) -> a
com.tekartik.sqflite.operation.ExecuteOperation -> b.a.a.f.d:
    com.tekartik.sqflite.SqlCommand command -> a
    java.lang.Boolean inTransaction -> c
    io.flutter.plugin.common.MethodChannel$Result result -> b
    void error(java.lang.String,java.lang.String,java.lang.Object) -> a
    java.lang.Object getArgument(java.lang.String) -> a
    com.tekartik.sqflite.SqlCommand getSqlCommand() -> a
    void success(java.lang.Object) -> a
    java.lang.Boolean getInTransaction() -> c